2020-01-30 11:33:06,794 INFO e.u.UsuariosApplication [restartedMain] Starting UsuariosApplication on DESKTOP-5BPL57I with PID 9732 (C:\Cursos\Prueba_Usuarios\WorkSpace\usuarios\target\classes started by HHernandez in C:\Cursos\Prueba_Usuarios\WorkSpace\usuarios)
2020-01-30 11:33:06,806 DEBUG e.u.UsuariosApplication [restartedMain] Running with Spring Boot v2.2.4.RELEASE, Spring v5.2.3.RELEASE
2020-01-30 11:33:06,806 INFO e.u.UsuariosApplication [restartedMain] No active profile set, falling back to default profiles: default
2020-01-30 11:33:10,537 INFO e.u.UsuariosApplication [restartedMain] Started UsuariosApplication in 4.204 seconds (JVM running for 6.709)
2020-01-30 11:34:22,433 INFO e.u.UsuariosApplication [restartedMain] Starting UsuariosApplication on DESKTOP-5BPL57I with PID 9732 (C:\Cursos\Prueba_Usuarios\WorkSpace\usuarios\target\classes started by HHernandez in C:\Cursos\Prueba_Usuarios\WorkSpace\usuarios)
2020-01-30 11:34:22,435 DEBUG e.u.UsuariosApplication [restartedMain] Running with Spring Boot v2.2.4.RELEASE, Spring v5.2.3.RELEASE
2020-01-30 11:34:22,436 INFO e.u.UsuariosApplication [restartedMain] No active profile set, falling back to default profiles: default
2020-01-30 11:34:23,323 INFO e.u.UsuariosApplication [restartedMain] Started UsuariosApplication in 0.974 seconds (JVM running for 79.495)
2020-01-30 11:34:32,560 INFO e.u.UsuariosApplication [restartedMain] Starting UsuariosApplication on DESKTOP-5BPL57I with PID 9732 (C:\Cursos\Prueba_Usuarios\WorkSpace\usuarios\target\classes started by HHernandez in C:\Cursos\Prueba_Usuarios\WorkSpace\usuarios)
2020-01-30 11:34:32,561 DEBUG e.u.UsuariosApplication [restartedMain] Running with Spring Boot v2.2.4.RELEASE, Spring v5.2.3.RELEASE
2020-01-30 11:34:32,562 INFO e.u.UsuariosApplication [restartedMain] No active profile set, falling back to default profiles: default
2020-01-30 11:34:33,376 INFO e.u.UsuariosApplication [restartedMain] Started UsuariosApplication in 0.895 seconds (JVM running for 89.548)
2020-01-30 11:34:52,766 INFO e.u.UsuariosApplication [restartedMain] Starting UsuariosApplication on DESKTOP-5BPL57I with PID 9732 (C:\Cursos\Prueba_Usuarios\WorkSpace\usuarios\target\classes started by HHernandez in C:\Cursos\Prueba_Usuarios\WorkSpace\usuarios)
2020-01-30 11:34:52,767 DEBUG e.u.UsuariosApplication [restartedMain] Running with Spring Boot v2.2.4.RELEASE, Spring v5.2.3.RELEASE
2020-01-30 11:34:52,767 INFO e.u.UsuariosApplication [restartedMain] No active profile set, falling back to default profiles: default
2020-01-30 11:34:53,490 INFO e.u.UsuariosApplication [restartedMain] Started UsuariosApplication in 0.803 seconds (JVM running for 109.662)
2020-01-30 11:36:35,812 INFO e.u.UsuariosApplication [restartedMain] Starting UsuariosApplication on DESKTOP-5BPL57I with PID 9732 (C:\Cursos\Prueba_Usuarios\WorkSpace\usuarios\target\classes started by HHernandez in C:\Cursos\Prueba_Usuarios\WorkSpace\usuarios)
2020-01-30 11:36:35,813 DEBUG e.u.UsuariosApplication [restartedMain] Running with Spring Boot v2.2.4.RELEASE, Spring v5.2.3.RELEASE
2020-01-30 11:36:35,813 INFO e.u.UsuariosApplication [restartedMain] No active profile set, falling back to default profiles: default
2020-01-30 11:37:04,271 INFO e.u.UsuariosApplication [restartedMain] Starting UsuariosApplication on DESKTOP-5BPL57I with PID 9732 (C:\Cursos\Prueba_Usuarios\WorkSpace\usuarios\target\classes started by HHernandez in C:\Cursos\Prueba_Usuarios\WorkSpace\usuarios)
2020-01-30 11:37:04,272 DEBUG e.u.UsuariosApplication [restartedMain] Running with Spring Boot v2.2.4.RELEASE, Spring v5.2.3.RELEASE
2020-01-30 11:37:04,273 INFO e.u.UsuariosApplication [restartedMain] No active profile set, falling back to default profiles: default
2020-01-30 11:37:12,376 INFO e.u.UsuariosApplication [restartedMain] Starting UsuariosApplication on DESKTOP-5BPL57I with PID 9732 (C:\Cursos\Prueba_Usuarios\WorkSpace\usuarios\target\classes started by HHernandez in C:\Cursos\Prueba_Usuarios\WorkSpace\usuarios)
2020-01-30 11:37:12,376 DEBUG e.u.UsuariosApplication [restartedMain] Running with Spring Boot v2.2.4.RELEASE, Spring v5.2.3.RELEASE
2020-01-30 11:37:12,377 INFO e.u.UsuariosApplication [restartedMain] No active profile set, falling back to default profiles: default
2020-01-30 11:37:21,440 INFO e.u.UsuariosApplication [restartedMain] Starting UsuariosApplication on DESKTOP-5BPL57I with PID 9732 (C:\Cursos\Prueba_Usuarios\WorkSpace\usuarios\target\classes started by HHernandez in C:\Cursos\Prueba_Usuarios\WorkSpace\usuarios)
2020-01-30 11:37:21,441 DEBUG e.u.UsuariosApplication [restartedMain] Running with Spring Boot v2.2.4.RELEASE, Spring v5.2.3.RELEASE
2020-01-30 11:37:21,441 INFO e.u.UsuariosApplication [restartedMain] No active profile set, falling back to default profiles: default
2020-01-30 11:37:35,617 INFO e.u.UsuariosApplication [restartedMain] Starting UsuariosApplication on DESKTOP-5BPL57I with PID 9732 (C:\Cursos\Prueba_Usuarios\WorkSpace\usuarios\target\classes started by HHernandez in C:\Cursos\Prueba_Usuarios\WorkSpace\usuarios)
2020-01-30 11:37:35,618 DEBUG e.u.UsuariosApplication [restartedMain] Running with Spring Boot v2.2.4.RELEASE, Spring v5.2.3.RELEASE
2020-01-30 11:37:35,618 INFO e.u.UsuariosApplication [restartedMain] No active profile set, falling back to default profiles: default
2020-01-30 11:38:07,968 INFO e.u.UsuariosApplication [restartedMain] Starting UsuariosApplication on DESKTOP-5BPL57I with PID 9732 (C:\Cursos\Prueba_Usuarios\WorkSpace\usuarios\target\classes started by HHernandez in C:\Cursos\Prueba_Usuarios\WorkSpace\usuarios)
2020-01-30 11:38:07,969 DEBUG e.u.UsuariosApplication [restartedMain] Running with Spring Boot v2.2.4.RELEASE, Spring v5.2.3.RELEASE
2020-01-30 11:38:07,970 INFO e.u.UsuariosApplication [restartedMain] No active profile set, falling back to default profiles: default
2020-01-30 11:38:08,983 INFO e.u.UsuariosApplication [restartedMain] Started UsuariosApplication in 1.084 seconds (JVM running for 305.156)
2020-01-30 11:39:01,946 INFO e.u.UsuariosApplication [restartedMain] Starting UsuariosApplication on DESKTOP-5BPL57I with PID 9732 (C:\Cursos\Prueba_Usuarios\WorkSpace\usuarios\target\classes started by HHernandez in C:\Cursos\Prueba_Usuarios\WorkSpace\usuarios)
2020-01-30 11:39:01,947 DEBUG e.u.UsuariosApplication [restartedMain] Running with Spring Boot v2.2.4.RELEASE, Spring v5.2.3.RELEASE
2020-01-30 11:39:01,947 INFO e.u.UsuariosApplication [restartedMain] No active profile set, falling back to default profiles: default
2020-01-30 11:39:02,640 INFO e.u.UsuariosApplication [restartedMain] Started UsuariosApplication in 0.755 seconds (JVM running for 358.812)
2020-01-30 11:40:09,508 INFO e.u.UsuariosApplication [restartedMain] Starting UsuariosApplication on DESKTOP-5BPL57I with PID 9732 (C:\Cursos\Prueba_Usuarios\WorkSpace\usuarios\target\classes started by HHernandez in C:\Cursos\Prueba_Usuarios\WorkSpace\usuarios)
2020-01-30 11:40:09,508 DEBUG e.u.UsuariosApplication [restartedMain] Running with Spring Boot v2.2.4.RELEASE, Spring v5.2.3.RELEASE
2020-01-30 11:40:09,509 INFO e.u.UsuariosApplication [restartedMain] No active profile set, falling back to default profiles: default
2020-01-30 11:40:10,218 INFO e.u.UsuariosApplication [restartedMain] Started UsuariosApplication in 0.775 seconds (JVM running for 426.391)
2020-01-30 11:40:31,501 INFO e.u.UsuariosApplication [restartedMain] Starting UsuariosApplication on DESKTOP-5BPL57I with PID 9732 (C:\Cursos\Prueba_Usuarios\WorkSpace\usuarios\target\classes started by HHernandez in C:\Cursos\Prueba_Usuarios\WorkSpace\usuarios)
2020-01-30 11:40:31,502 DEBUG e.u.UsuariosApplication [restartedMain] Running with Spring Boot v2.2.4.RELEASE, Spring v5.2.3.RELEASE
2020-01-30 11:40:31,502 INFO e.u.UsuariosApplication [restartedMain] No active profile set, falling back to default profiles: default
2020-01-30 11:40:32,203 INFO e.u.UsuariosApplication [restartedMain] Started UsuariosApplication in 0.763 seconds (JVM running for 448.376)
2020-01-30 11:40:39,301 INFO e.u.UsuariosApplication [restartedMain] Starting UsuariosApplication on DESKTOP-5BPL57I with PID 9732 (C:\Cursos\Prueba_Usuarios\WorkSpace\usuarios\target\classes started by HHernandez in C:\Cursos\Prueba_Usuarios\WorkSpace\usuarios)
2020-01-30 11:40:39,302 DEBUG e.u.UsuariosApplication [restartedMain] Running with Spring Boot v2.2.4.RELEASE, Spring v5.2.3.RELEASE
2020-01-30 11:40:39,302 INFO e.u.UsuariosApplication [restartedMain] No active profile set, falling back to default profiles: default
2020-01-30 11:40:40,012 INFO e.u.UsuariosApplication [restartedMain] Started UsuariosApplication in 0.767 seconds (JVM running for 456.184)
2020-01-30 11:41:01,316 INFO e.u.UsuariosApplication [restartedMain] Starting UsuariosApplication on DESKTOP-5BPL57I with PID 9732 (C:\Cursos\Prueba_Usuarios\WorkSpace\usuarios\target\classes started by HHernandez in C:\Cursos\Prueba_Usuarios\WorkSpace\usuarios)
2020-01-30 11:41:01,317 DEBUG e.u.UsuariosApplication [restartedMain] Running with Spring Boot v2.2.4.RELEASE, Spring v5.2.3.RELEASE
2020-01-30 11:41:01,318 INFO e.u.UsuariosApplication [restartedMain] No active profile set, falling back to default profiles: default
2020-01-30 11:41:02,092 INFO e.u.UsuariosApplication [restartedMain] Started UsuariosApplication in 0.84 seconds (JVM running for 478.264)
2020-01-30 11:41:36,609 INFO e.u.UsuariosApplication [restartedMain] Starting UsuariosApplication on DESKTOP-5BPL57I with PID 9732 (C:\Cursos\Prueba_Usuarios\WorkSpace\usuarios\target\classes started by HHernandez in C:\Cursos\Prueba_Usuarios\WorkSpace\usuarios)
2020-01-30 11:41:36,610 DEBUG e.u.UsuariosApplication [restartedMain] Running with Spring Boot v2.2.4.RELEASE, Spring v5.2.3.RELEASE
2020-01-30 11:41:36,610 INFO e.u.UsuariosApplication [restartedMain] No active profile set, falling back to default profiles: default
2020-01-30 11:41:37,354 INFO e.u.UsuariosApplication [restartedMain] Started UsuariosApplication in 0.806 seconds (JVM running for 513.527)
2020-01-30 11:41:54,657 INFO e.u.UsuariosApplication [restartedMain] Starting UsuariosApplication on DESKTOP-5BPL57I with PID 9732 (C:\Cursos\Prueba_Usuarios\WorkSpace\usuarios\target\classes started by HHernandez in C:\Cursos\Prueba_Usuarios\WorkSpace\usuarios)
2020-01-30 11:41:54,658 DEBUG e.u.UsuariosApplication [restartedMain] Running with Spring Boot v2.2.4.RELEASE, Spring v5.2.3.RELEASE
2020-01-30 11:41:54,658 INFO e.u.UsuariosApplication [restartedMain] No active profile set, falling back to default profiles: default
2020-01-30 11:41:55,389 INFO e.u.UsuariosApplication [restartedMain] Started UsuariosApplication in 0.789 seconds (JVM running for 531.562)
2020-01-30 11:42:05,696 INFO e.u.UsuariosApplication [restartedMain] Starting UsuariosApplication on DESKTOP-5BPL57I with PID 9732 (C:\Cursos\Prueba_Usuarios\WorkSpace\usuarios\target\classes started by HHernandez in C:\Cursos\Prueba_Usuarios\WorkSpace\usuarios)
2020-01-30 11:42:05,697 DEBUG e.u.UsuariosApplication [restartedMain] Running with Spring Boot v2.2.4.RELEASE, Spring v5.2.3.RELEASE
2020-01-30 11:42:05,697 INFO e.u.UsuariosApplication [restartedMain] No active profile set, falling back to default profiles: default
2020-01-30 11:42:06,479 INFO e.u.UsuariosApplication [restartedMain] Started UsuariosApplication in 0.843 seconds (JVM running for 542.651)
2020-01-30 11:42:23,670 INFO e.u.UsuariosApplication [restartedMain] Starting UsuariosApplication on DESKTOP-5BPL57I with PID 9732 (C:\Cursos\Prueba_Usuarios\WorkSpace\usuarios\target\classes started by HHernandez in C:\Cursos\Prueba_Usuarios\WorkSpace\usuarios)
2020-01-30 11:42:23,672 DEBUG e.u.UsuariosApplication [restartedMain] Running with Spring Boot v2.2.4.RELEASE, Spring v5.2.3.RELEASE
2020-01-30 11:42:23,672 INFO e.u.UsuariosApplication [restartedMain] No active profile set, falling back to default profiles: default
2020-01-30 11:42:24,635 INFO e.u.UsuariosApplication [restartedMain] Started UsuariosApplication in 1.021 seconds (JVM running for 560.807)
2020-01-30 11:42:40,926 INFO e.u.UsuariosApplication [restartedMain] Starting UsuariosApplication on DESKTOP-5BPL57I with PID 9732 (C:\Cursos\Prueba_Usuarios\WorkSpace\usuarios\target\classes started by HHernandez in C:\Cursos\Prueba_Usuarios\WorkSpace\usuarios)
2020-01-30 11:42:40,928 DEBUG e.u.UsuariosApplication [restartedMain] Running with Spring Boot v2.2.4.RELEASE, Spring v5.2.3.RELEASE
2020-01-30 11:42:40,929 INFO e.u.UsuariosApplication [restartedMain] No active profile set, falling back to default profiles: default
2020-01-30 11:42:41,693 INFO e.u.UsuariosApplication [restartedMain] Started UsuariosApplication in 0.844 seconds (JVM running for 577.866)
2020-01-30 11:42:51,911 INFO e.u.UsuariosApplication [restartedMain] Starting UsuariosApplication on DESKTOP-5BPL57I with PID 9732 (C:\Cursos\Prueba_Usuarios\WorkSpace\usuarios\target\classes started by HHernandez in C:\Cursos\Prueba_Usuarios\WorkSpace\usuarios)
2020-01-30 11:42:51,912 DEBUG e.u.UsuariosApplication [restartedMain] Running with Spring Boot v2.2.4.RELEASE, Spring v5.2.3.RELEASE
2020-01-30 11:42:51,912 INFO e.u.UsuariosApplication [restartedMain] No active profile set, falling back to default profiles: default
2020-01-30 11:42:52,788 INFO e.u.UsuariosApplication [restartedMain] Started UsuariosApplication in 0.937 seconds (JVM running for 588.961)
2020-01-30 11:42:59,100 INFO e.u.UsuariosApplication [restartedMain] Starting UsuariosApplication on DESKTOP-5BPL57I with PID 9732 (C:\Cursos\Prueba_Usuarios\WorkSpace\usuarios\target\classes started by HHernandez in C:\Cursos\Prueba_Usuarios\WorkSpace\usuarios)
2020-01-30 11:42:59,101 DEBUG e.u.UsuariosApplication [restartedMain] Running with Spring Boot v2.2.4.RELEASE, Spring v5.2.3.RELEASE
2020-01-30 11:42:59,101 INFO e.u.UsuariosApplication [restartedMain] No active profile set, falling back to default profiles: default
2020-01-30 11:42:59,841 INFO e.u.UsuariosApplication [restartedMain] Started UsuariosApplication in 0.813 seconds (JVM running for 596.014)
2020-01-30 11:43:54,403 INFO e.u.UsuariosApplication [restartedMain] Starting UsuariosApplication on DESKTOP-5BPL57I with PID 9732 (C:\Cursos\Prueba_Usuarios\WorkSpace\usuarios\target\classes started by HHernandez in C:\Cursos\Prueba_Usuarios\WorkSpace\usuarios)
2020-01-30 11:43:54,403 DEBUG e.u.UsuariosApplication [restartedMain] Running with Spring Boot v2.2.4.RELEASE, Spring v5.2.3.RELEASE
2020-01-30 11:43:54,404 INFO e.u.UsuariosApplication [restartedMain] No active profile set, falling back to default profiles: default
2020-01-30 11:43:55,275 INFO e.u.UsuariosApplication [restartedMain] Started UsuariosApplication in 0.93 seconds (JVM running for 651.447)
2020-01-30 11:44:00,443 INFO e.u.UsuariosApplication [restartedMain] Starting UsuariosApplication on DESKTOP-5BPL57I with PID 9732 (C:\Cursos\Prueba_Usuarios\WorkSpace\usuarios\target\classes started by HHernandez in C:\Cursos\Prueba_Usuarios\WorkSpace\usuarios)
2020-01-30 11:44:00,444 DEBUG e.u.UsuariosApplication [restartedMain] Running with Spring Boot v2.2.4.RELEASE, Spring v5.2.3.RELEASE
2020-01-30 11:44:00,444 INFO e.u.UsuariosApplication [restartedMain] No active profile set, falling back to default profiles: default
2020-01-30 11:44:01,204 INFO e.u.UsuariosApplication [restartedMain] Started UsuariosApplication in 0.84 seconds (JVM running for 657.376)
2020-01-30 11:44:16,511 INFO e.u.UsuariosApplication [restartedMain] Starting UsuariosApplication on DESKTOP-5BPL57I with PID 9732 (C:\Cursos\Prueba_Usuarios\WorkSpace\usuarios\target\classes started by HHernandez in C:\Cursos\Prueba_Usuarios\WorkSpace\usuarios)
2020-01-30 11:44:16,511 DEBUG e.u.UsuariosApplication [restartedMain] Running with Spring Boot v2.2.4.RELEASE, Spring v5.2.3.RELEASE
2020-01-30 11:44:16,512 INFO e.u.UsuariosApplication [restartedMain] No active profile set, falling back to default profiles: default
2020-01-30 11:44:17,470 INFO e.u.UsuariosApplication [restartedMain] Started UsuariosApplication in 1.03 seconds (JVM running for 673.642)
2020-01-30 11:44:30,640 INFO e.u.UsuariosApplication [restartedMain] Starting UsuariosApplication on DESKTOP-5BPL57I with PID 9732 (C:\Cursos\Prueba_Usuarios\WorkSpace\usuarios\target\classes started by HHernandez in C:\Cursos\Prueba_Usuarios\WorkSpace\usuarios)
2020-01-30 11:44:30,642 DEBUG e.u.UsuariosApplication [restartedMain] Running with Spring Boot v2.2.4.RELEASE, Spring v5.2.3.RELEASE
2020-01-30 11:44:30,642 INFO e.u.UsuariosApplication [restartedMain] No active profile set, falling back to default profiles: default
2020-01-30 11:44:31,433 INFO e.u.UsuariosApplication [restartedMain] Started UsuariosApplication in 0.849 seconds (JVM running for 687.606)
2020-01-30 11:44:35,621 INFO e.u.UsuariosApplication [restartedMain] Starting UsuariosApplication on DESKTOP-5BPL57I with PID 9732 (C:\Cursos\Prueba_Usuarios\WorkSpace\usuarios\target\classes started by HHernandez in C:\Cursos\Prueba_Usuarios\WorkSpace\usuarios)
2020-01-30 11:44:35,623 DEBUG e.u.UsuariosApplication [restartedMain] Running with Spring Boot v2.2.4.RELEASE, Spring v5.2.3.RELEASE
2020-01-30 11:44:35,623 INFO e.u.UsuariosApplication [restartedMain] No active profile set, falling back to default profiles: default
2020-01-30 11:44:41,457 INFO e.u.UsuariosApplication [restartedMain] Starting UsuariosApplication on DESKTOP-5BPL57I with PID 9732 (C:\Cursos\Prueba_Usuarios\WorkSpace\usuarios\target\classes started by HHernandez in C:\Cursos\Prueba_Usuarios\WorkSpace\usuarios)
2020-01-30 11:44:41,459 DEBUG e.u.UsuariosApplication [restartedMain] Running with Spring Boot v2.2.4.RELEASE, Spring v5.2.3.RELEASE
2020-01-30 11:44:41,459 INFO e.u.UsuariosApplication [restartedMain] No active profile set, falling back to default profiles: default
2020-01-30 11:45:23,267 INFO e.u.UsuariosApplication [restartedMain] Starting UsuariosApplication on DESKTOP-5BPL57I with PID 9732 (C:\Cursos\Prueba_Usuarios\WorkSpace\usuarios\target\classes started by HHernandez in C:\Cursos\Prueba_Usuarios\WorkSpace\usuarios)
2020-01-30 11:45:23,268 DEBUG e.u.UsuariosApplication [restartedMain] Running with Spring Boot v2.2.4.RELEASE, Spring v5.2.3.RELEASE
2020-01-30 11:45:23,269 INFO e.u.UsuariosApplication [restartedMain] No active profile set, falling back to default profiles: default
2020-01-30 11:46:26,242 INFO e.u.UsuariosApplication [restartedMain] Starting UsuariosApplication on DESKTOP-5BPL57I with PID 9732 (C:\Cursos\Prueba_Usuarios\WorkSpace\usuarios\target\classes started by HHernandez in C:\Cursos\Prueba_Usuarios\WorkSpace\usuarios)
2020-01-30 11:46:26,243 DEBUG e.u.UsuariosApplication [restartedMain] Running with Spring Boot v2.2.4.RELEASE, Spring v5.2.3.RELEASE
2020-01-30 11:46:26,243 INFO e.u.UsuariosApplication [restartedMain] No active profile set, falling back to default profiles: default
2020-01-30 11:46:52,626 INFO e.u.UsuariosApplication [restartedMain] Starting UsuariosApplication on DESKTOP-5BPL57I with PID 9732 (C:\Cursos\Prueba_Usuarios\WorkSpace\usuarios\target\classes started by HHernandez in C:\Cursos\Prueba_Usuarios\WorkSpace\usuarios)
2020-01-30 11:46:52,627 DEBUG e.u.UsuariosApplication [restartedMain] Running with Spring Boot v2.2.4.RELEASE, Spring v5.2.3.RELEASE
2020-01-30 11:46:52,627 INFO e.u.UsuariosApplication [restartedMain] No active profile set, falling back to default profiles: default
2020-01-30 11:47:07,111 INFO e.u.UsuariosApplication [restartedMain] Starting UsuariosApplication on DESKTOP-5BPL57I with PID 9732 (C:\Cursos\Prueba_Usuarios\WorkSpace\usuarios\target\classes started by HHernandez in C:\Cursos\Prueba_Usuarios\WorkSpace\usuarios)
2020-01-30 11:47:07,113 DEBUG e.u.UsuariosApplication [restartedMain] Running with Spring Boot v2.2.4.RELEASE, Spring v5.2.3.RELEASE
2020-01-30 11:47:07,113 INFO e.u.UsuariosApplication [restartedMain] No active profile set, falling back to default profiles: default
2020-01-30 11:47:20,417 INFO e.u.UsuariosApplication [restartedMain] Starting UsuariosApplication on DESKTOP-5BPL57I with PID 9732 (C:\Cursos\Prueba_Usuarios\WorkSpace\usuarios\target\classes started by HHernandez in C:\Cursos\Prueba_Usuarios\WorkSpace\usuarios)
2020-01-30 11:47:20,418 DEBUG e.u.UsuariosApplication [restartedMain] Running with Spring Boot v2.2.4.RELEASE, Spring v5.2.3.RELEASE
2020-01-30 11:47:20,418 INFO e.u.UsuariosApplication [restartedMain] No active profile set, falling back to default profiles: default
2020-01-30 11:47:37,863 INFO e.u.UsuariosApplication [restartedMain] Starting UsuariosApplication on DESKTOP-5BPL57I with PID 9732 (C:\Cursos\Prueba_Usuarios\WorkSpace\usuarios\target\classes started by HHernandez in C:\Cursos\Prueba_Usuarios\WorkSpace\usuarios)
2020-01-30 11:47:37,865 DEBUG e.u.UsuariosApplication [restartedMain] Running with Spring Boot v2.2.4.RELEASE, Spring v5.2.3.RELEASE
2020-01-30 11:47:37,865 INFO e.u.UsuariosApplication [restartedMain] No active profile set, falling back to default profiles: default
2020-01-30 11:49:27,306 INFO e.u.UsuariosApplication [restartedMain] Starting UsuariosApplication on DESKTOP-5BPL57I with PID 9732 (C:\Cursos\Prueba_Usuarios\WorkSpace\usuarios\target\classes started by HHernandez in C:\Cursos\Prueba_Usuarios\WorkSpace\usuarios)
2020-01-30 11:49:27,307 DEBUG e.u.UsuariosApplication [restartedMain] Running with Spring Boot v2.2.4.RELEASE, Spring v5.2.3.RELEASE
2020-01-30 11:49:27,308 INFO e.u.UsuariosApplication [restartedMain] No active profile set, falling back to default profiles: default
2020-01-30 11:50:15,025 INFO e.u.UsuariosApplication [restartedMain] Starting UsuariosApplication on DESKTOP-5BPL57I with PID 9732 (C:\Cursos\Prueba_Usuarios\WorkSpace\usuarios\target\classes started by HHernandez in C:\Cursos\Prueba_Usuarios\WorkSpace\usuarios)
2020-01-30 11:50:15,026 DEBUG e.u.UsuariosApplication [restartedMain] Running with Spring Boot v2.2.4.RELEASE, Spring v5.2.3.RELEASE
2020-01-30 11:50:15,026 INFO e.u.UsuariosApplication [restartedMain] No active profile set, falling back to default profiles: default
2020-01-30 11:50:39,595 INFO e.u.UsuariosApplication [restartedMain] Starting UsuariosApplication on DESKTOP-5BPL57I with PID 9732 (C:\Cursos\Prueba_Usuarios\WorkSpace\usuarios\target\classes started by HHernandez in C:\Cursos\Prueba_Usuarios\WorkSpace\usuarios)
2020-01-30 11:50:39,596 DEBUG e.u.UsuariosApplication [restartedMain] Running with Spring Boot v2.2.4.RELEASE, Spring v5.2.3.RELEASE
2020-01-30 11:50:39,596 INFO e.u.UsuariosApplication [restartedMain] No active profile set, falling back to default profiles: default
2020-01-30 11:50:40,469 INFO e.u.UsuariosApplication [restartedMain] Started UsuariosApplication in 0.931 seconds (JVM running for 1056.642)
2020-01-30 11:52:48,921 INFO e.u.UsuariosApplication [restartedMain] Starting UsuariosApplication on DESKTOP-5BPL57I with PID 9732 (C:\Cursos\Prueba_Usuarios\WorkSpace\usuarios\target\classes started by HHernandez in C:\Cursos\Prueba_Usuarios\WorkSpace\usuarios)
2020-01-30 11:52:48,922 DEBUG e.u.UsuariosApplication [restartedMain] Running with Spring Boot v2.2.4.RELEASE, Spring v5.2.3.RELEASE
2020-01-30 11:52:48,922 INFO e.u.UsuariosApplication [restartedMain] No active profile set, falling back to default profiles: default
2020-01-30 11:52:49,769 INFO e.u.UsuariosApplication [restartedMain] Started UsuariosApplication in 0.902 seconds (JVM running for 1185.942)
2020-01-30 11:53:11,132 INFO e.u.UsuariosApplication [restartedMain] Starting UsuariosApplication on DESKTOP-5BPL57I with PID 9732 (C:\Cursos\Prueba_Usuarios\WorkSpace\usuarios\target\classes started by HHernandez in C:\Cursos\Prueba_Usuarios\WorkSpace\usuarios)
2020-01-30 11:53:11,133 DEBUG e.u.UsuariosApplication [restartedMain] Running with Spring Boot v2.2.4.RELEASE, Spring v5.2.3.RELEASE
2020-01-30 11:53:11,133 INFO e.u.UsuariosApplication [restartedMain] No active profile set, falling back to default profiles: default
2020-01-30 11:53:11,903 INFO e.u.UsuariosApplication [restartedMain] Started UsuariosApplication in 0.827 seconds (JVM running for 1208.075)
2020-01-30 11:53:21,058 INFO e.u.UsuariosApplication [restartedMain] Starting UsuariosApplication on DESKTOP-5BPL57I with PID 9732 (C:\Cursos\Prueba_Usuarios\WorkSpace\usuarios\target\classes started by HHernandez in C:\Cursos\Prueba_Usuarios\WorkSpace\usuarios)
2020-01-30 11:53:21,059 DEBUG e.u.UsuariosApplication [restartedMain] Running with Spring Boot v2.2.4.RELEASE, Spring v5.2.3.RELEASE
2020-01-30 11:53:21,059 INFO e.u.UsuariosApplication [restartedMain] No active profile set, falling back to default profiles: default
2020-01-30 11:53:21,799 INFO e.u.UsuariosApplication [restartedMain] Started UsuariosApplication in 0.818 seconds (JVM running for 1217.971)
2020-01-30 11:53:46,168 INFO e.u.UsuariosApplication [restartedMain] Starting UsuariosApplication on DESKTOP-5BPL57I with PID 9732 (C:\Cursos\Prueba_Usuarios\WorkSpace\usuarios\target\classes started by HHernandez in C:\Cursos\Prueba_Usuarios\WorkSpace\usuarios)
2020-01-30 11:53:46,169 DEBUG e.u.UsuariosApplication [restartedMain] Running with Spring Boot v2.2.4.RELEASE, Spring v5.2.3.RELEASE
2020-01-30 11:53:46,169 INFO e.u.UsuariosApplication [restartedMain] No active profile set, falling back to default profiles: default
2020-01-30 11:53:47,004 INFO e.u.UsuariosApplication [restartedMain] Started UsuariosApplication in 0.888 seconds (JVM running for 1243.176)
2020-01-30 11:54:05,452 INFO e.u.UsuariosApplication [restartedMain] Starting UsuariosApplication on DESKTOP-5BPL57I with PID 9732 (C:\Cursos\Prueba_Usuarios\WorkSpace\usuarios\target\classes started by HHernandez in C:\Cursos\Prueba_Usuarios\WorkSpace\usuarios)
2020-01-30 11:54:05,453 DEBUG e.u.UsuariosApplication [restartedMain] Running with Spring Boot v2.2.4.RELEASE, Spring v5.2.3.RELEASE
2020-01-30 11:54:05,453 INFO e.u.UsuariosApplication [restartedMain] No active profile set, falling back to default profiles: default
2020-01-30 11:54:06,434 INFO e.u.UsuariosApplication [restartedMain] Started UsuariosApplication in 1.046 seconds (JVM running for 1262.606)
2020-01-30 11:54:26,098 INFO e.u.UsuariosApplication [restartedMain] Starting UsuariosApplication on DESKTOP-5BPL57I with PID 9732 (C:\Cursos\Prueba_Usuarios\WorkSpace\usuarios\target\classes started by HHernandez in C:\Cursos\Prueba_Usuarios\WorkSpace\usuarios)
2020-01-30 11:54:26,100 DEBUG e.u.UsuariosApplication [restartedMain] Running with Spring Boot v2.2.4.RELEASE, Spring v5.2.3.RELEASE
2020-01-30 11:54:26,101 INFO e.u.UsuariosApplication [restartedMain] No active profile set, falling back to default profiles: default
2020-01-30 11:54:42,615 INFO e.u.UsuariosApplication [restartedMain] Starting UsuariosApplication on DESKTOP-5BPL57I with PID 9732 (C:\Cursos\Prueba_Usuarios\WorkSpace\usuarios\target\classes started by HHernandez in C:\Cursos\Prueba_Usuarios\WorkSpace\usuarios)
2020-01-30 11:54:42,616 DEBUG e.u.UsuariosApplication [restartedMain] Running with Spring Boot v2.2.4.RELEASE, Spring v5.2.3.RELEASE
2020-01-30 11:54:42,618 INFO e.u.UsuariosApplication [restartedMain] No active profile set, falling back to default profiles: default
2020-01-30 11:54:45,948 INFO e.u.UsuariosApplication [restartedMain] Started UsuariosApplication in 3.591 seconds (JVM running for 1302.121)
2020-01-30 11:55:03,334 INFO e.u.UsuariosApplication [restartedMain] Starting UsuariosApplication on DESKTOP-5BPL57I with PID 9732 (C:\Cursos\Prueba_Usuarios\WorkSpace\usuarios\target\classes started by HHernandez in C:\Cursos\Prueba_Usuarios\WorkSpace\usuarios)
2020-01-30 11:55:03,335 DEBUG e.u.UsuariosApplication [restartedMain] Running with Spring Boot v2.2.4.RELEASE, Spring v5.2.3.RELEASE
2020-01-30 11:55:03,335 INFO e.u.UsuariosApplication [restartedMain] No active profile set, falling back to default profiles: default
2020-01-30 11:55:04,190 INFO e.u.UsuariosApplication [restartedMain] Started UsuariosApplication in 0.948 seconds (JVM running for 1320.363)
2020-01-30 11:55:32,680 INFO e.u.UsuariosApplication [restartedMain] Starting UsuariosApplication on DESKTOP-5BPL57I with PID 9732 (C:\Cursos\Prueba_Usuarios\WorkSpace\usuarios\target\classes started by HHernandez in C:\Cursos\Prueba_Usuarios\WorkSpace\usuarios)
2020-01-30 11:55:32,682 DEBUG e.u.UsuariosApplication [restartedMain] Running with Spring Boot v2.2.4.RELEASE, Spring v5.2.3.RELEASE
2020-01-30 11:55:32,683 INFO e.u.UsuariosApplication [restartedMain] No active profile set, falling back to default profiles: default
2020-01-30 11:55:33,696 INFO e.u.UsuariosApplication [restartedMain] Started UsuariosApplication in 1.1 seconds (JVM running for 1349.868)
2020-01-30 11:55:42,456 INFO e.u.UsuariosApplication [restartedMain] Starting UsuariosApplication on DESKTOP-5BPL57I with PID 9732 (C:\Cursos\Prueba_Usuarios\WorkSpace\usuarios\target\classes started by HHernandez in C:\Cursos\Prueba_Usuarios\WorkSpace\usuarios)
2020-01-30 11:55:42,458 DEBUG e.u.UsuariosApplication [restartedMain] Running with Spring Boot v2.2.4.RELEASE, Spring v5.2.3.RELEASE
2020-01-30 11:55:42,459 INFO e.u.UsuariosApplication [restartedMain] No active profile set, falling back to default profiles: default
2020-01-30 11:55:45,599 INFO e.u.UsuariosApplication [restartedMain] Started UsuariosApplication in 3.548 seconds (JVM running for 1361.771)
2020-01-30 11:55:51,813 INFO e.u.UsuariosApplication [restartedMain] Starting UsuariosApplication on DESKTOP-5BPL57I with PID 9732 (C:\Cursos\Prueba_Usuarios\WorkSpace\usuarios\target\classes started by HHernandez in C:\Cursos\Prueba_Usuarios\WorkSpace\usuarios)
2020-01-30 11:55:51,814 DEBUG e.u.UsuariosApplication [restartedMain] Running with Spring Boot v2.2.4.RELEASE, Spring v5.2.3.RELEASE
2020-01-30 11:55:51,814 INFO e.u.UsuariosApplication [restartedMain] No active profile set, falling back to default profiles: default
2020-01-30 11:55:52,857 INFO e.u.UsuariosApplication [restartedMain] Started UsuariosApplication in 1.117 seconds (JVM running for 1369.029)
2020-01-30 11:56:08,248 INFO e.u.UsuariosApplication [restartedMain] Starting UsuariosApplication on DESKTOP-5BPL57I with PID 9732 (C:\Cursos\Prueba_Usuarios\WorkSpace\usuarios\target\classes started by HHernandez in C:\Cursos\Prueba_Usuarios\WorkSpace\usuarios)
2020-01-30 11:56:08,249 DEBUG e.u.UsuariosApplication [restartedMain] Running with Spring Boot v2.2.4.RELEASE, Spring v5.2.3.RELEASE
2020-01-30 11:56:08,249 INFO e.u.UsuariosApplication [restartedMain] No active profile set, falling back to default profiles: default
2020-01-30 11:56:09,110 INFO e.u.UsuariosApplication [restartedMain] Started UsuariosApplication in 0.914 seconds (JVM running for 1385.282)
2020-01-30 11:56:41,713 INFO e.u.UsuariosApplication [restartedMain] Starting UsuariosApplication on DESKTOP-5BPL57I with PID 9732 (C:\Cursos\Prueba_Usuarios\WorkSpace\usuarios\target\classes started by HHernandez in C:\Cursos\Prueba_Usuarios\WorkSpace\usuarios)
2020-01-30 11:56:41,714 DEBUG e.u.UsuariosApplication [restartedMain] Running with Spring Boot v2.2.4.RELEASE, Spring v5.2.3.RELEASE
2020-01-30 11:56:41,715 INFO e.u.UsuariosApplication [restartedMain] No active profile set, falling back to default profiles: default
2020-01-30 11:56:44,515 INFO e.u.UsuariosApplication [restartedMain] Started UsuariosApplication in 2.874 seconds (JVM running for 1420.687)
2020-01-30 11:56:55,696 INFO e.u.UsuariosApplication [restartedMain] Starting UsuariosApplication on DESKTOP-5BPL57I with PID 9732 (C:\Cursos\Prueba_Usuarios\WorkSpace\usuarios\target\classes started by HHernandez in C:\Cursos\Prueba_Usuarios\WorkSpace\usuarios)
2020-01-30 11:56:55,697 DEBUG e.u.UsuariosApplication [restartedMain] Running with Spring Boot v2.2.4.RELEASE, Spring v5.2.3.RELEASE
2020-01-30 11:56:55,697 INFO e.u.UsuariosApplication [restartedMain] No active profile set, falling back to default profiles: default
2020-01-30 11:56:56,528 INFO e.u.UsuariosApplication [restartedMain] Started UsuariosApplication in 0.888 seconds (JVM running for 1432.701)
2020-01-30 11:57:15,991 INFO e.u.UsuariosApplication [restartedMain] Starting UsuariosApplication on DESKTOP-5BPL57I with PID 9732 (C:\Cursos\Prueba_Usuarios\WorkSpace\usuarios\target\classes started by HHernandez in C:\Cursos\Prueba_Usuarios\WorkSpace\usuarios)
2020-01-30 11:57:15,994 DEBUG e.u.UsuariosApplication [restartedMain] Running with Spring Boot v2.2.4.RELEASE, Spring v5.2.3.RELEASE
2020-01-30 11:57:15,994 INFO e.u.UsuariosApplication [restartedMain] No active profile set, falling back to default profiles: default
2020-01-30 11:57:16,822 INFO e.u.UsuariosApplication [restartedMain] Started UsuariosApplication in 0.916 seconds (JVM running for 1452.994)
2020-01-30 11:57:31,155 INFO e.u.UsuariosApplication [restartedMain] Starting UsuariosApplication on DESKTOP-5BPL57I with PID 9732 (C:\Cursos\Prueba_Usuarios\WorkSpace\usuarios\target\classes started by HHernandez in C:\Cursos\Prueba_Usuarios\WorkSpace\usuarios)
2020-01-30 11:57:31,156 DEBUG e.u.UsuariosApplication [restartedMain] Running with Spring Boot v2.2.4.RELEASE, Spring v5.2.3.RELEASE
2020-01-30 11:57:31,156 INFO e.u.UsuariosApplication [restartedMain] No active profile set, falling back to default profiles: default
2020-01-30 11:57:34,362 INFO e.u.UsuariosApplication [restartedMain] Starting UsuariosApplication on DESKTOP-5BPL57I with PID 9732 (C:\Cursos\Prueba_Usuarios\WorkSpace\usuarios\target\classes started by HHernandez in C:\Cursos\Prueba_Usuarios\WorkSpace\usuarios)
2020-01-30 11:57:34,363 DEBUG e.u.UsuariosApplication [restartedMain] Running with Spring Boot v2.2.4.RELEASE, Spring v5.2.3.RELEASE
2020-01-30 11:57:34,364 INFO e.u.UsuariosApplication [restartedMain] No active profile set, falling back to default profiles: default
2020-01-30 11:57:40,545 INFO e.u.UsuariosApplication [restartedMain] Starting UsuariosApplication on DESKTOP-5BPL57I with PID 9732 (C:\Cursos\Prueba_Usuarios\WorkSpace\usuarios\target\classes started by HHernandez in C:\Cursos\Prueba_Usuarios\WorkSpace\usuarios)
2020-01-30 11:57:40,546 DEBUG e.u.UsuariosApplication [restartedMain] Running with Spring Boot v2.2.4.RELEASE, Spring v5.2.3.RELEASE
2020-01-30 11:57:40,546 INFO e.u.UsuariosApplication [restartedMain] No active profile set, falling back to default profiles: default
2020-01-30 11:57:41,920 INFO e.u.UsuariosApplication [restartedMain] Started UsuariosApplication in 1.456 seconds (JVM running for 1478.093)
2020-01-30 11:57:54,255 INFO e.u.UsuariosApplication [restartedMain] Starting UsuariosApplication on DESKTOP-5BPL57I with PID 9732 (C:\Cursos\Prueba_Usuarios\WorkSpace\usuarios\target\classes started by HHernandez in C:\Cursos\Prueba_Usuarios\WorkSpace\usuarios)
2020-01-30 11:57:54,256 DEBUG e.u.UsuariosApplication [restartedMain] Running with Spring Boot v2.2.4.RELEASE, Spring v5.2.3.RELEASE
2020-01-30 11:57:54,256 INFO e.u.UsuariosApplication [restartedMain] No active profile set, falling back to default profiles: default
2020-01-30 11:57:55,147 INFO e.u.UsuariosApplication [restartedMain] Started UsuariosApplication in 0.947 seconds (JVM running for 1491.32)
2020-01-30 11:58:18,476 INFO e.u.UsuariosApplication [restartedMain] Starting UsuariosApplication on DESKTOP-5BPL57I with PID 9732 (C:\Cursos\Prueba_Usuarios\WorkSpace\usuarios\target\classes started by HHernandez in C:\Cursos\Prueba_Usuarios\WorkSpace\usuarios)
2020-01-30 11:58:18,478 DEBUG e.u.UsuariosApplication [restartedMain] Running with Spring Boot v2.2.4.RELEASE, Spring v5.2.3.RELEASE
2020-01-30 11:58:18,478 INFO e.u.UsuariosApplication [restartedMain] No active profile set, falling back to default profiles: default
2020-01-30 11:58:19,335 INFO e.u.UsuariosApplication [restartedMain] Started UsuariosApplication in 0.919 seconds (JVM running for 1515.507)
2020-01-30 11:58:32,593 INFO e.u.UsuariosApplication [restartedMain] Starting UsuariosApplication on DESKTOP-5BPL57I with PID 9732 (C:\Cursos\Prueba_Usuarios\WorkSpace\usuarios\target\classes started by HHernandez in C:\Cursos\Prueba_Usuarios\WorkSpace\usuarios)
2020-01-30 11:58:32,594 DEBUG e.u.UsuariosApplication [restartedMain] Running with Spring Boot v2.2.4.RELEASE, Spring v5.2.3.RELEASE
2020-01-30 11:58:32,594 INFO e.u.UsuariosApplication [restartedMain] No active profile set, falling back to default profiles: default
2020-01-30 11:58:33,459 INFO e.u.UsuariosApplication [restartedMain] Started UsuariosApplication in 0.924 seconds (JVM running for 1529.631)
2020-01-30 11:59:29,416 INFO e.u.UsuariosApplication [restartedMain] Starting UsuariosApplication on DESKTOP-5BPL57I with PID 9732 (C:\Cursos\Prueba_Usuarios\WorkSpace\usuarios\target\classes started by HHernandez in C:\Cursos\Prueba_Usuarios\WorkSpace\usuarios)
2020-01-30 11:59:29,417 DEBUG e.u.UsuariosApplication [restartedMain] Running with Spring Boot v2.2.4.RELEASE, Spring v5.2.3.RELEASE
2020-01-30 11:59:29,417 INFO e.u.UsuariosApplication [restartedMain] No active profile set, falling back to default profiles: default
2020-01-30 11:59:30,452 INFO e.u.UsuariosApplication [restartedMain] Started UsuariosApplication in 1.099 seconds (JVM running for 1586.625)
2020-01-30 11:59:48,884 INFO e.u.UsuariosApplication [restartedMain] Starting UsuariosApplication on DESKTOP-5BPL57I with PID 9732 (C:\Cursos\Prueba_Usuarios\WorkSpace\usuarios\target\classes started by HHernandez in C:\Cursos\Prueba_Usuarios\WorkSpace\usuarios)
2020-01-30 11:59:48,885 DEBUG e.u.UsuariosApplication [restartedMain] Running with Spring Boot v2.2.4.RELEASE, Spring v5.2.3.RELEASE
2020-01-30 11:59:48,885 INFO e.u.UsuariosApplication [restartedMain] No active profile set, falling back to default profiles: default
2020-01-30 11:59:49,692 INFO e.u.UsuariosApplication [restartedMain] Started UsuariosApplication in 0.89 seconds (JVM running for 1605.864)
2020-01-30 11:59:55,896 INFO e.u.UsuariosApplication [restartedMain] Starting UsuariosApplication on DESKTOP-5BPL57I with PID 9732 (C:\Cursos\Prueba_Usuarios\WorkSpace\usuarios\target\classes started by HHernandez in C:\Cursos\Prueba_Usuarios\WorkSpace\usuarios)
2020-01-30 11:59:55,897 DEBUG e.u.UsuariosApplication [restartedMain] Running with Spring Boot v2.2.4.RELEASE, Spring v5.2.3.RELEASE
2020-01-30 11:59:55,897 INFO e.u.UsuariosApplication [restartedMain] No active profile set, falling back to default profiles: default
2020-01-30 11:59:57,057 INFO e.u.UsuariosApplication [restartedMain] Started UsuariosApplication in 1.222 seconds (JVM running for 1613.23)
2020-01-30 12:00:58,177 INFO e.u.UsuariosApplication [restartedMain] Starting UsuariosApplication on DESKTOP-5BPL57I with PID 9732 (C:\Cursos\Prueba_Usuarios\WorkSpace\usuarios\target\classes started by HHernandez in C:\Cursos\Prueba_Usuarios\WorkSpace\usuarios)
2020-01-30 12:00:58,178 DEBUG e.u.UsuariosApplication [restartedMain] Running with Spring Boot v2.2.4.RELEASE, Spring v5.2.3.RELEASE
2020-01-30 12:00:58,178 INFO e.u.UsuariosApplication [restartedMain] No active profile set, falling back to default profiles: default
2020-01-30 12:00:59,036 INFO e.u.UsuariosApplication [restartedMain] Started UsuariosApplication in 0.918 seconds (JVM running for 1675.208)
2020-01-30 12:01:15,431 INFO e.u.UsuariosApplication [restartedMain] Starting UsuariosApplication on DESKTOP-5BPL57I with PID 9732 (C:\Cursos\Prueba_Usuarios\WorkSpace\usuarios\target\classes started by HHernandez in C:\Cursos\Prueba_Usuarios\WorkSpace\usuarios)
2020-01-30 12:01:15,432 DEBUG e.u.UsuariosApplication [restartedMain] Running with Spring Boot v2.2.4.RELEASE, Spring v5.2.3.RELEASE
2020-01-30 12:01:15,432 INFO e.u.UsuariosApplication [restartedMain] No active profile set, falling back to default profiles: default
2020-01-30 12:01:16,236 INFO e.u.UsuariosApplication [restartedMain] Started UsuariosApplication in 0.855 seconds (JVM running for 1692.408)
2020-01-30 12:01:42,148 INFO e.u.UsuariosApplication [restartedMain] Starting UsuariosApplication on DESKTOP-5BPL57I with PID 9732 (C:\Cursos\Prueba_Usuarios\WorkSpace\usuarios\target\classes started by HHernandez in C:\Cursos\Prueba_Usuarios\WorkSpace\usuarios)
2020-01-30 12:01:42,149 DEBUG e.u.UsuariosApplication [restartedMain] Running with Spring Boot v2.2.4.RELEASE, Spring v5.2.3.RELEASE
2020-01-30 12:01:42,149 INFO e.u.UsuariosApplication [restartedMain] No active profile set, falling back to default profiles: default
2020-01-30 12:01:43,617 INFO e.u.UsuariosApplication [restartedMain] Started UsuariosApplication in 1.694 seconds (JVM running for 1719.79)
2020-01-30 12:01:59,963 INFO e.u.UsuariosApplication [restartedMain] Starting UsuariosApplication on DESKTOP-5BPL57I with PID 9732 (C:\Cursos\Prueba_Usuarios\WorkSpace\usuarios\target\classes started by HHernandez in C:\Cursos\Prueba_Usuarios\WorkSpace\usuarios)
2020-01-30 12:01:59,964 DEBUG e.u.UsuariosApplication [restartedMain] Running with Spring Boot v2.2.4.RELEASE, Spring v5.2.3.RELEASE
2020-01-30 12:01:59,965 INFO e.u.UsuariosApplication [restartedMain] No active profile set, falling back to default profiles: default
2020-01-30 12:02:00,810 INFO e.u.UsuariosApplication [restartedMain] Started UsuariosApplication in 0.9 seconds (JVM running for 1736.982)
2020-01-30 12:02:33,331 INFO e.u.UsuariosApplication [restartedMain] Starting UsuariosApplication on DESKTOP-5BPL57I with PID 9732 (C:\Cursos\Prueba_Usuarios\WorkSpace\usuarios\target\classes started by HHernandez in C:\Cursos\Prueba_Usuarios\WorkSpace\usuarios)
2020-01-30 12:02:33,332 DEBUG e.u.UsuariosApplication [restartedMain] Running with Spring Boot v2.2.4.RELEASE, Spring v5.2.3.RELEASE
2020-01-30 12:02:33,332 INFO e.u.UsuariosApplication [restartedMain] No active profile set, falling back to default profiles: default
2020-01-30 12:02:34,168 INFO e.u.UsuariosApplication [restartedMain] Started UsuariosApplication in 0.89 seconds (JVM running for 1770.34)
2020-01-30 12:02:48,396 INFO e.u.UsuariosApplication [restartedMain] Starting UsuariosApplication on DESKTOP-5BPL57I with PID 9732 (C:\Cursos\Prueba_Usuarios\WorkSpace\usuarios\target\classes started by HHernandez in C:\Cursos\Prueba_Usuarios\WorkSpace\usuarios)
2020-01-30 12:02:48,397 DEBUG e.u.UsuariosApplication [restartedMain] Running with Spring Boot v2.2.4.RELEASE, Spring v5.2.3.RELEASE
2020-01-30 12:02:48,397 INFO e.u.UsuariosApplication [restartedMain] No active profile set, falling back to default profiles: default
2020-01-30 12:02:49,263 INFO e.u.UsuariosApplication [restartedMain] Started UsuariosApplication in 0.916 seconds (JVM running for 1785.435)
2020-01-30 12:03:01,679 INFO e.u.UsuariosApplication [restartedMain] Starting UsuariosApplication on DESKTOP-5BPL57I with PID 9732 (C:\Cursos\Prueba_Usuarios\WorkSpace\usuarios\target\classes started by HHernandez in C:\Cursos\Prueba_Usuarios\WorkSpace\usuarios)
2020-01-30 12:03:01,680 DEBUG e.u.UsuariosApplication [restartedMain] Running with Spring Boot v2.2.4.RELEASE, Spring v5.2.3.RELEASE
2020-01-30 12:03:01,681 INFO e.u.UsuariosApplication [restartedMain] No active profile set, falling back to default profiles: default
2020-01-30 12:03:24,503 INFO e.u.UsuariosApplication [restartedMain] Starting UsuariosApplication on DESKTOP-5BPL57I with PID 9732 (C:\Cursos\Prueba_Usuarios\WorkSpace\usuarios\target\classes started by HHernandez in C:\Cursos\Prueba_Usuarios\WorkSpace\usuarios)
2020-01-30 12:03:24,504 DEBUG e.u.UsuariosApplication [restartedMain] Running with Spring Boot v2.2.4.RELEASE, Spring v5.2.3.RELEASE
2020-01-30 12:03:24,505 INFO e.u.UsuariosApplication [restartedMain] No active profile set, falling back to default profiles: default
2020-01-30 12:03:25,364 INFO e.u.UsuariosApplication [restartedMain] Started UsuariosApplication in 0.916 seconds (JVM running for 1821.536)
2020-01-30 12:03:52,140 INFO e.u.UsuariosApplication [restartedMain] Starting UsuariosApplication on DESKTOP-5BPL57I with PID 9732 (C:\Cursos\Prueba_Usuarios\WorkSpace\usuarios\target\classes started by HHernandez in C:\Cursos\Prueba_Usuarios\WorkSpace\usuarios)
2020-01-30 12:03:52,141 DEBUG e.u.UsuariosApplication [restartedMain] Running with Spring Boot v2.2.4.RELEASE, Spring v5.2.3.RELEASE
2020-01-30 12:03:52,142 INFO e.u.UsuariosApplication [restartedMain] No active profile set, falling back to default profiles: default
2020-01-30 12:03:53,113 INFO e.u.UsuariosApplication [restartedMain] Started UsuariosApplication in 1.092 seconds (JVM running for 1849.285)
2020-01-30 12:04:01,386 INFO e.u.UsuariosApplication [restartedMain] Starting UsuariosApplication on DESKTOP-5BPL57I with PID 9732 (C:\Cursos\Prueba_Usuarios\WorkSpace\usuarios\target\classes started by HHernandez in C:\Cursos\Prueba_Usuarios\WorkSpace\usuarios)
2020-01-30 12:04:01,386 DEBUG e.u.UsuariosApplication [restartedMain] Running with Spring Boot v2.2.4.RELEASE, Spring v5.2.3.RELEASE
2020-01-30 12:04:01,387 INFO e.u.UsuariosApplication [restartedMain] No active profile set, falling back to default profiles: default
2020-01-30 12:04:02,216 INFO e.u.UsuariosApplication [restartedMain] Started UsuariosApplication in 0.884 seconds (JVM running for 1858.389)
2020-01-30 12:04:14,573 INFO e.u.UsuariosApplication [restartedMain] Starting UsuariosApplication on DESKTOP-5BPL57I with PID 9732 (C:\Cursos\Prueba_Usuarios\WorkSpace\usuarios\target\classes started by HHernandez in C:\Cursos\Prueba_Usuarios\WorkSpace\usuarios)
2020-01-30 12:04:14,574 DEBUG e.u.UsuariosApplication [restartedMain] Running with Spring Boot v2.2.4.RELEASE, Spring v5.2.3.RELEASE
2020-01-30 12:04:14,574 INFO e.u.UsuariosApplication [restartedMain] No active profile set, falling back to default profiles: default
2020-01-30 12:04:15,353 INFO e.u.UsuariosApplication [restartedMain] Started UsuariosApplication in 0.831 seconds (JVM running for 1871.525)
2020-01-30 12:04:28,563 INFO e.u.UsuariosApplication [restartedMain] Starting UsuariosApplication on DESKTOP-5BPL57I with PID 9732 (C:\Cursos\Prueba_Usuarios\WorkSpace\usuarios\target\classes started by HHernandez in C:\Cursos\Prueba_Usuarios\WorkSpace\usuarios)
2020-01-30 12:04:28,564 DEBUG e.u.UsuariosApplication [restartedMain] Running with Spring Boot v2.2.4.RELEASE, Spring v5.2.3.RELEASE
2020-01-30 12:04:28,564 INFO e.u.UsuariosApplication [restartedMain] No active profile set, falling back to default profiles: default
2020-01-30 12:04:29,430 INFO e.u.UsuariosApplication [restartedMain] Started UsuariosApplication in 0.923 seconds (JVM running for 1885.602)
2020-01-30 12:04:55,895 INFO e.u.UsuariosApplication [restartedMain] Starting UsuariosApplication on DESKTOP-5BPL57I with PID 9732 (C:\Cursos\Prueba_Usuarios\WorkSpace\usuarios\target\classes started by HHernandez in C:\Cursos\Prueba_Usuarios\WorkSpace\usuarios)
2020-01-30 12:04:55,895 DEBUG e.u.UsuariosApplication [restartedMain] Running with Spring Boot v2.2.4.RELEASE, Spring v5.2.3.RELEASE
2020-01-30 12:04:55,896 INFO e.u.UsuariosApplication [restartedMain] No active profile set, falling back to default profiles: default
2020-01-30 12:04:56,625 INFO e.u.UsuariosApplication [restartedMain] Started UsuariosApplication in 0.779 seconds (JVM running for 1912.797)
2020-01-30 12:05:31,589 INFO e.u.UsuariosApplication [restartedMain] Starting UsuariosApplication on DESKTOP-5BPL57I with PID 9732 (C:\Cursos\Prueba_Usuarios\WorkSpace\usuarios\target\classes started by HHernandez in C:\Cursos\Prueba_Usuarios\WorkSpace\usuarios)
2020-01-30 12:05:31,590 DEBUG e.u.UsuariosApplication [restartedMain] Running with Spring Boot v2.2.4.RELEASE, Spring v5.2.3.RELEASE
2020-01-30 12:05:31,590 INFO e.u.UsuariosApplication [restartedMain] No active profile set, falling back to default profiles: default
2020-01-30 12:05:32,341 INFO e.u.UsuariosApplication [restartedMain] Started UsuariosApplication in 0.82 seconds (JVM running for 1948.513)
2020-01-30 12:06:55,961 INFO e.u.UsuariosApplication [restartedMain] Starting UsuariosApplication on DESKTOP-5BPL57I with PID 9732 (C:\Cursos\Prueba_Usuarios\WorkSpace\usuarios\target\classes started by HHernandez in C:\Cursos\Prueba_Usuarios\WorkSpace\usuarios)
2020-01-30 12:06:55,962 DEBUG e.u.UsuariosApplication [restartedMain] Running with Spring Boot v2.2.4.RELEASE, Spring v5.2.3.RELEASE
2020-01-30 12:06:55,962 INFO e.u.UsuariosApplication [restartedMain] No active profile set, falling back to default profiles: default
2020-01-30 12:06:56,676 INFO e.u.UsuariosApplication [restartedMain] Started UsuariosApplication in 0.795 seconds (JVM running for 2032.848)
2020-01-30 12:07:46,310 INFO e.u.UsuariosApplication [restartedMain] Starting UsuariosApplication on DESKTOP-5BPL57I with PID 9732 (C:\Cursos\Prueba_Usuarios\WorkSpace\usuarios\target\classes started by HHernandez in C:\Cursos\Prueba_Usuarios\WorkSpace\usuarios)
2020-01-30 12:07:46,311 DEBUG e.u.UsuariosApplication [restartedMain] Running with Spring Boot v2.2.4.RELEASE, Spring v5.2.3.RELEASE
2020-01-30 12:07:46,311 INFO e.u.UsuariosApplication [restartedMain] No active profile set, falling back to default profiles: default
2020-01-30 12:07:47,247 INFO e.u.UsuariosApplication [restartedMain] Started UsuariosApplication in 1.006 seconds (JVM running for 2083.419)
2020-01-30 12:08:00,526 INFO e.u.UsuariosApplication [restartedMain] Starting UsuariosApplication on DESKTOP-5BPL57I with PID 9732 (C:\Cursos\Prueba_Usuarios\WorkSpace\usuarios\target\classes started by HHernandez in C:\Cursos\Prueba_Usuarios\WorkSpace\usuarios)
2020-01-30 12:08:00,527 DEBUG e.u.UsuariosApplication [restartedMain] Running with Spring Boot v2.2.4.RELEASE, Spring v5.2.3.RELEASE
2020-01-30 12:08:00,527 INFO e.u.UsuariosApplication [restartedMain] No active profile set, falling back to default profiles: default
2020-01-30 12:08:01,371 INFO e.u.UsuariosApplication [restartedMain] Started UsuariosApplication in 0.901 seconds (JVM running for 2097.544)
2020-01-30 12:08:16,622 INFO e.u.UsuariosApplication [restartedMain] Starting UsuariosApplication on DESKTOP-5BPL57I with PID 9732 (C:\Cursos\Prueba_Usuarios\WorkSpace\usuarios\target\classes started by HHernandez in C:\Cursos\Prueba_Usuarios\WorkSpace\usuarios)
2020-01-30 12:08:16,623 DEBUG e.u.UsuariosApplication [restartedMain] Running with Spring Boot v2.2.4.RELEASE, Spring v5.2.3.RELEASE
2020-01-30 12:08:16,623 INFO e.u.UsuariosApplication [restartedMain] No active profile set, falling back to default profiles: default
2020-01-30 12:08:17,464 INFO e.u.UsuariosApplication [restartedMain] Started UsuariosApplication in 0.894 seconds (JVM running for 2113.636)
2020-01-30 12:08:59,116 INFO e.u.UsuariosApplication [restartedMain] Starting UsuariosApplication on DESKTOP-5BPL57I with PID 9732 (C:\Cursos\Prueba_Usuarios\WorkSpace\usuarios\target\classes started by HHernandez in C:\Cursos\Prueba_Usuarios\WorkSpace\usuarios)
2020-01-30 12:08:59,117 DEBUG e.u.UsuariosApplication [restartedMain] Running with Spring Boot v2.2.4.RELEASE, Spring v5.2.3.RELEASE
2020-01-30 12:08:59,117 INFO e.u.UsuariosApplication [restartedMain] No active profile set, falling back to default profiles: default
2020-01-30 12:09:12,559 INFO e.u.UsuariosApplication [restartedMain] Starting UsuariosApplication on DESKTOP-5BPL57I with PID 9732 (C:\Cursos\Prueba_Usuarios\WorkSpace\usuarios\target\classes started by HHernandez in C:\Cursos\Prueba_Usuarios\WorkSpace\usuarios)
2020-01-30 12:09:12,559 DEBUG e.u.UsuariosApplication [restartedMain] Running with Spring Boot v2.2.4.RELEASE, Spring v5.2.3.RELEASE
2020-01-30 12:09:12,559 INFO e.u.UsuariosApplication [restartedMain] No active profile set, falling back to default profiles: default
2020-01-30 12:09:13,352 INFO e.u.UsuariosApplication [restartedMain] Started UsuariosApplication in 0.859 seconds (JVM running for 2169.524)
2020-01-30 12:09:38,843 INFO e.u.UsuariosApplication [restartedMain] Starting UsuariosApplication on DESKTOP-5BPL57I with PID 9732 (C:\Cursos\Prueba_Usuarios\WorkSpace\usuarios\target\classes started by HHernandez in C:\Cursos\Prueba_Usuarios\WorkSpace\usuarios)
2020-01-30 12:09:38,844 DEBUG e.u.UsuariosApplication [restartedMain] Running with Spring Boot v2.2.4.RELEASE, Spring v5.2.3.RELEASE
2020-01-30 12:09:38,844 INFO e.u.UsuariosApplication [restartedMain] No active profile set, falling back to default profiles: default
2020-01-30 12:09:39,683 INFO e.u.UsuariosApplication [restartedMain] Started UsuariosApplication in 0.889 seconds (JVM running for 2195.855)
2020-01-30 12:09:49,882 INFO e.u.UsuariosApplication [restartedMain] Starting UsuariosApplication on DESKTOP-5BPL57I with PID 9732 (C:\Cursos\Prueba_Usuarios\WorkSpace\usuarios\target\classes started by HHernandez in C:\Cursos\Prueba_Usuarios\WorkSpace\usuarios)
2020-01-30 12:09:49,883 DEBUG e.u.UsuariosApplication [restartedMain] Running with Spring Boot v2.2.4.RELEASE, Spring v5.2.3.RELEASE
2020-01-30 12:09:49,884 INFO e.u.UsuariosApplication [restartedMain] No active profile set, falling back to default profiles: default
2020-01-30 12:09:50,673 INFO e.u.UsuariosApplication [restartedMain] Started UsuariosApplication in 0.842 seconds (JVM running for 2206.845)
2020-01-30 12:10:03,899 INFO e.u.UsuariosApplication [restartedMain] Starting UsuariosApplication on DESKTOP-5BPL57I with PID 9732 (C:\Cursos\Prueba_Usuarios\WorkSpace\usuarios\target\classes started by HHernandez in C:\Cursos\Prueba_Usuarios\WorkSpace\usuarios)
2020-01-30 12:10:03,900 DEBUG e.u.UsuariosApplication [restartedMain] Running with Spring Boot v2.2.4.RELEASE, Spring v5.2.3.RELEASE
2020-01-30 12:10:03,900 INFO e.u.UsuariosApplication [restartedMain] No active profile set, falling back to default profiles: default
2020-01-30 12:10:04,740 INFO e.u.UsuariosApplication [restartedMain] Started UsuariosApplication in 0.893 seconds (JVM running for 2220.912)
2020-01-30 12:10:23,097 INFO e.u.UsuariosApplication [restartedMain] Starting UsuariosApplication on DESKTOP-5BPL57I with PID 9732 (C:\Cursos\Prueba_Usuarios\WorkSpace\usuarios\target\classes started by HHernandez in C:\Cursos\Prueba_Usuarios\WorkSpace\usuarios)
2020-01-30 12:10:23,098 DEBUG e.u.UsuariosApplication [restartedMain] Running with Spring Boot v2.2.4.RELEASE, Spring v5.2.3.RELEASE
2020-01-30 12:10:23,099 INFO e.u.UsuariosApplication [restartedMain] No active profile set, falling back to default profiles: default
2020-01-30 12:10:23,909 INFO e.u.UsuariosApplication [restartedMain] Started UsuariosApplication in 0.867 seconds (JVM running for 2240.081)
2020-01-30 12:10:32,065 INFO e.u.UsuariosApplication [restartedMain] Starting UsuariosApplication on DESKTOP-5BPL57I with PID 9732 (C:\Cursos\Prueba_Usuarios\WorkSpace\usuarios\target\classes started by HHernandez in C:\Cursos\Prueba_Usuarios\WorkSpace\usuarios)
2020-01-30 12:10:32,066 DEBUG e.u.UsuariosApplication [restartedMain] Running with Spring Boot v2.2.4.RELEASE, Spring v5.2.3.RELEASE
2020-01-30 12:10:32,067 INFO e.u.UsuariosApplication [restartedMain] No active profile set, falling back to default profiles: default
2020-01-30 12:10:32,858 INFO e.u.UsuariosApplication [restartedMain] Started UsuariosApplication in 0.853 seconds (JVM running for 2249.031)
2020-01-30 12:10:37,131 INFO e.u.UsuariosApplication [restartedMain] Starting UsuariosApplication on DESKTOP-5BPL57I with PID 9732 (C:\Cursos\Prueba_Usuarios\WorkSpace\usuarios\target\classes started by HHernandez in C:\Cursos\Prueba_Usuarios\WorkSpace\usuarios)
2020-01-30 12:10:37,132 DEBUG e.u.UsuariosApplication [restartedMain] Running with Spring Boot v2.2.4.RELEASE, Spring v5.2.3.RELEASE
2020-01-30 12:10:37,132 INFO e.u.UsuariosApplication [restartedMain] No active profile set, falling back to default profiles: default
2020-01-30 12:10:37,884 INFO e.u.UsuariosApplication [restartedMain] Started UsuariosApplication in 0.849 seconds (JVM running for 2254.057)
2020-01-30 12:10:54,181 INFO e.u.UsuariosApplication [restartedMain] Starting UsuariosApplication on DESKTOP-5BPL57I with PID 9732 (C:\Cursos\Prueba_Usuarios\WorkSpace\usuarios\target\classes started by HHernandez in C:\Cursos\Prueba_Usuarios\WorkSpace\usuarios)
2020-01-30 12:10:54,182 DEBUG e.u.UsuariosApplication [restartedMain] Running with Spring Boot v2.2.4.RELEASE, Spring v5.2.3.RELEASE
2020-01-30 12:10:54,183 INFO e.u.UsuariosApplication [restartedMain] No active profile set, falling back to default profiles: default
2020-01-30 12:10:55,017 INFO e.u.UsuariosApplication [restartedMain] Started UsuariosApplication in 0.886 seconds (JVM running for 2271.189)
2020-01-30 12:11:07,326 INFO e.u.UsuariosApplication [restartedMain] Starting UsuariosApplication on DESKTOP-5BPL57I with PID 9732 (C:\Cursos\Prueba_Usuarios\WorkSpace\usuarios\target\classes started by HHernandez in C:\Cursos\Prueba_Usuarios\WorkSpace\usuarios)
2020-01-30 12:11:07,328 DEBUG e.u.UsuariosApplication [restartedMain] Running with Spring Boot v2.2.4.RELEASE, Spring v5.2.3.RELEASE
2020-01-30 12:11:07,328 INFO e.u.UsuariosApplication [restartedMain] No active profile set, falling back to default profiles: default
2020-01-30 12:11:08,243 INFO e.u.UsuariosApplication [restartedMain] Started UsuariosApplication in 1.015 seconds (JVM running for 2284.415)
2020-01-30 12:11:14,458 INFO e.u.UsuariosApplication [restartedMain] Starting UsuariosApplication on DESKTOP-5BPL57I with PID 9732 (C:\Cursos\Prueba_Usuarios\WorkSpace\usuarios\target\classes started by HHernandez in C:\Cursos\Prueba_Usuarios\WorkSpace\usuarios)
2020-01-30 12:11:14,459 DEBUG e.u.UsuariosApplication [restartedMain] Running with Spring Boot v2.2.4.RELEASE, Spring v5.2.3.RELEASE
2020-01-30 12:11:14,459 INFO e.u.UsuariosApplication [restartedMain] No active profile set, falling back to default profiles: default
2020-01-30 12:11:15,392 INFO e.u.UsuariosApplication [restartedMain] Started UsuariosApplication in 0.982 seconds (JVM running for 2291.564)
2020-01-30 12:11:36,699 INFO e.u.UsuariosApplication [restartedMain] Starting UsuariosApplication on DESKTOP-5BPL57I with PID 9732 (C:\Cursos\Prueba_Usuarios\WorkSpace\usuarios\target\classes started by HHernandez in C:\Cursos\Prueba_Usuarios\WorkSpace\usuarios)
2020-01-30 12:11:36,700 DEBUG e.u.UsuariosApplication [restartedMain] Running with Spring Boot v2.2.4.RELEASE, Spring v5.2.3.RELEASE
2020-01-30 12:11:36,700 INFO e.u.UsuariosApplication [restartedMain] No active profile set, falling back to default profiles: default
2020-01-30 12:11:37,512 INFO e.u.UsuariosApplication [restartedMain] Started UsuariosApplication in 0.87 seconds (JVM running for 2313.684)
2020-01-30 12:11:40,618 INFO e.u.UsuariosApplication [restartedMain] Starting UsuariosApplication on DESKTOP-5BPL57I with PID 9732 (C:\Cursos\Prueba_Usuarios\WorkSpace\usuarios\target\classes started by HHernandez in C:\Cursos\Prueba_Usuarios\WorkSpace\usuarios)
2020-01-30 12:11:40,619 DEBUG e.u.UsuariosApplication [restartedMain] Running with Spring Boot v2.2.4.RELEASE, Spring v5.2.3.RELEASE
2020-01-30 12:11:40,620 INFO e.u.UsuariosApplication [restartedMain] No active profile set, falling back to default profiles: default
2020-01-30 12:11:41,427 INFO e.u.UsuariosApplication [restartedMain] Started UsuariosApplication in 0.872 seconds (JVM running for 2317.599)
2020-01-30 12:12:01,673 INFO e.u.UsuariosApplication [restartedMain] Starting UsuariosApplication on DESKTOP-5BPL57I with PID 9732 (C:\Cursos\Prueba_Usuarios\WorkSpace\usuarios\target\classes started by HHernandez in C:\Cursos\Prueba_Usuarios\WorkSpace\usuarios)
2020-01-30 12:12:01,674 DEBUG e.u.UsuariosApplication [restartedMain] Running with Spring Boot v2.2.4.RELEASE, Spring v5.2.3.RELEASE
2020-01-30 12:12:01,674 INFO e.u.UsuariosApplication [restartedMain] No active profile set, falling back to default profiles: default
2020-01-30 12:12:02,566 INFO e.u.UsuariosApplication [restartedMain] Started UsuariosApplication in 1.039 seconds (JVM running for 2338.739)
2020-01-30 12:12:38,446 INFO e.u.UsuariosApplication [restartedMain] Starting UsuariosApplication on DESKTOP-5BPL57I with PID 9732 (C:\Cursos\Prueba_Usuarios\WorkSpace\usuarios\target\classes started by HHernandez in C:\Cursos\Prueba_Usuarios\WorkSpace\usuarios)
2020-01-30 12:12:38,447 DEBUG e.u.UsuariosApplication [restartedMain] Running with Spring Boot v2.2.4.RELEASE, Spring v5.2.3.RELEASE
2020-01-30 12:12:38,447 INFO e.u.UsuariosApplication [restartedMain] No active profile set, falling back to default profiles: default
2020-01-30 12:12:39,230 INFO e.u.UsuariosApplication [restartedMain] Started UsuariosApplication in 0.845 seconds (JVM running for 2375.403)
2020-01-30 12:12:50,674 INFO e.u.UsuariosApplication [restartedMain] Starting UsuariosApplication on DESKTOP-5BPL57I with PID 9732 (C:\Cursos\Prueba_Usuarios\WorkSpace\usuarios\target\classes started by HHernandez in C:\Cursos\Prueba_Usuarios\WorkSpace\usuarios)
2020-01-30 12:12:50,675 DEBUG e.u.UsuariosApplication [restartedMain] Running with Spring Boot v2.2.4.RELEASE, Spring v5.2.3.RELEASE
2020-01-30 12:12:50,675 INFO e.u.UsuariosApplication [restartedMain] No active profile set, falling back to default profiles: default
2020-01-30 12:12:51,536 INFO e.u.UsuariosApplication [restartedMain] Started UsuariosApplication in 0.918 seconds (JVM running for 2387.708)
2020-01-30 12:12:56,739 INFO e.u.UsuariosApplication [restartedMain] Starting UsuariosApplication on DESKTOP-5BPL57I with PID 9732 (C:\Cursos\Prueba_Usuarios\WorkSpace\usuarios\target\classes started by HHernandez in C:\Cursos\Prueba_Usuarios\WorkSpace\usuarios)
2020-01-30 12:12:56,741 DEBUG e.u.UsuariosApplication [restartedMain] Running with Spring Boot v2.2.4.RELEASE, Spring v5.2.3.RELEASE
2020-01-30 12:12:56,741 INFO e.u.UsuariosApplication [restartedMain] No active profile set, falling back to default profiles: default
2020-01-30 12:12:57,536 INFO e.u.UsuariosApplication [restartedMain] Started UsuariosApplication in 0.871 seconds (JVM running for 2393.709)
2020-01-30 12:13:26,091 INFO e.u.UsuariosApplication [restartedMain] Starting UsuariosApplication on DESKTOP-5BPL57I with PID 9732 (C:\Cursos\Prueba_Usuarios\WorkSpace\usuarios\target\classes started by HHernandez in C:\Cursos\Prueba_Usuarios\WorkSpace\usuarios)
2020-01-30 12:13:26,092 DEBUG e.u.UsuariosApplication [restartedMain] Running with Spring Boot v2.2.4.RELEASE, Spring v5.2.3.RELEASE
2020-01-30 12:13:26,092 INFO e.u.UsuariosApplication [restartedMain] No active profile set, falling back to default profiles: default
2020-01-30 12:13:26,931 INFO e.u.UsuariosApplication [restartedMain] Started UsuariosApplication in 0.892 seconds (JVM running for 2423.103)
2020-01-30 12:13:30,214 INFO e.u.UsuariosApplication [restartedMain] Starting UsuariosApplication on DESKTOP-5BPL57I with PID 9732 (C:\Cursos\Prueba_Usuarios\WorkSpace\usuarios\target\classes started by HHernandez in C:\Cursos\Prueba_Usuarios\WorkSpace\usuarios)
2020-01-30 12:13:30,216 DEBUG e.u.UsuariosApplication [restartedMain] Running with Spring Boot v2.2.4.RELEASE, Spring v5.2.3.RELEASE
2020-01-30 12:13:30,216 INFO e.u.UsuariosApplication [restartedMain] No active profile set, falling back to default profiles: default
2020-01-30 12:13:31,190 INFO e.u.UsuariosApplication [restartedMain] Started UsuariosApplication in 1.042 seconds (JVM running for 2427.363)
2020-01-30 12:13:46,539 INFO e.u.UsuariosApplication [restartedMain] Starting UsuariosApplication on DESKTOP-5BPL57I with PID 9732 (C:\Cursos\Prueba_Usuarios\WorkSpace\usuarios\target\classes started by HHernandez in C:\Cursos\Prueba_Usuarios\WorkSpace\usuarios)
2020-01-30 12:13:46,540 DEBUG e.u.UsuariosApplication [restartedMain] Running with Spring Boot v2.2.4.RELEASE, Spring v5.2.3.RELEASE
2020-01-30 12:13:46,540 INFO e.u.UsuariosApplication [restartedMain] No active profile set, falling back to default profiles: default
2020-01-30 12:13:47,337 INFO e.u.UsuariosApplication [restartedMain] Started UsuariosApplication in 0.863 seconds (JVM running for 2443.509)
2020-01-30 12:14:32,878 INFO e.u.c.AppController [http-nio-8090-exec-2] SERVICIO USUARIOS ACTIVO
2020-01-30 12:15:53,738 INFO e.u.c.AppController [http-nio-8090-exec-5] SERVICIO USUARIOS ACTIVO
2020-01-30 12:18:37,825 INFO e.u.UsuariosApplication [restartedMain] Starting UsuariosApplication on DESKTOP-5BPL57I with PID 9732 (C:\Cursos\Prueba_Usuarios\WorkSpace\usuarios\target\classes started by HHernandez in C:\Cursos\Prueba_Usuarios\WorkSpace\usuarios)
2020-01-30 12:18:37,826 DEBUG e.u.UsuariosApplication [restartedMain] Running with Spring Boot v2.2.4.RELEASE, Spring v5.2.3.RELEASE
2020-01-30 12:18:37,826 INFO e.u.UsuariosApplication [restartedMain] No active profile set, falling back to default profiles: default
2020-01-30 12:18:38,584 INFO e.u.UsuariosApplication [restartedMain] Started UsuariosApplication in 0.809 seconds (JVM running for 2734.756)
2020-01-30 12:18:45,000 INFO e.u.UsuariosApplication [restartedMain] Starting UsuariosApplication on DESKTOP-5BPL57I with PID 9732 (C:\Cursos\Prueba_Usuarios\WorkSpace\usuarios\target\classes started by HHernandez in C:\Cursos\Prueba_Usuarios\WorkSpace\usuarios)
2020-01-30 12:18:45,002 DEBUG e.u.UsuariosApplication [restartedMain] Running with Spring Boot v2.2.4.RELEASE, Spring v5.2.3.RELEASE
2020-01-30 12:18:45,002 INFO e.u.UsuariosApplication [restartedMain] No active profile set, falling back to default profiles: default
2020-01-30 12:18:45,996 INFO e.u.UsuariosApplication [restartedMain] Started UsuariosApplication in 1.086 seconds (JVM running for 2742.168)
2020-01-30 12:20:41,952 INFO e.u.UsuariosApplication [restartedMain] Starting UsuariosApplication on DESKTOP-5BPL57I with PID 9732 (C:\Cursos\Prueba_Usuarios\WorkSpace\usuarios\target\classes started by HHernandez in C:\Cursos\Prueba_Usuarios\WorkSpace\usuarios)
2020-01-30 12:20:41,953 DEBUG e.u.UsuariosApplication [restartedMain] Running with Spring Boot v2.2.4.RELEASE, Spring v5.2.3.RELEASE
2020-01-30 12:20:41,954 INFO e.u.UsuariosApplication [restartedMain] No active profile set, falling back to default profiles: default
2020-01-30 12:20:43,186 INFO e.u.UsuariosApplication [restartedMain] Started UsuariosApplication in 1.293 seconds (JVM running for 2859.358)
2020-01-30 12:22:10,944 INFO e.u.UsuariosApplication [restartedMain] Starting UsuariosApplication on DESKTOP-5BPL57I with PID 13688 (C:\Cursos\Prueba_Usuarios\WorkSpace\usuarios\target\classes started by HHernandez in C:\Cursos\Prueba_Usuarios\WorkSpace\usuarios)
2020-01-30 12:22:10,959 DEBUG e.u.UsuariosApplication [restartedMain] Running with Spring Boot v2.2.4.RELEASE, Spring v5.2.3.RELEASE
2020-01-30 12:22:10,960 INFO e.u.UsuariosApplication [restartedMain] No active profile set, falling back to default profiles: default
2020-01-30 12:22:15,819 INFO e.u.UsuariosApplication [restartedMain] Started UsuariosApplication in 5.424 seconds (JVM running for 7.986)
2020-01-30 12:40:47,846 INFO e.u.UsuariosApplication [restartedMain] Starting UsuariosApplication on DESKTOP-5BPL57I with PID 13688 (C:\Cursos\Prueba_Usuarios\WorkSpace\usuarios\target\classes started by HHernandez in C:\Cursos\Prueba_Usuarios\WorkSpace\usuarios)
2020-01-30 12:40:47,847 DEBUG e.u.UsuariosApplication [restartedMain] Running with Spring Boot v2.2.4.RELEASE, Spring v5.2.3.RELEASE
2020-01-30 12:40:47,848 INFO e.u.UsuariosApplication [restartedMain] No active profile set, falling back to default profiles: default
2020-01-30 12:40:49,077 INFO e.u.UsuariosApplication [restartedMain] Started UsuariosApplication in 1.308 seconds (JVM running for 1121.244)
2020-01-30 12:41:17,795 INFO e.u.UsuariosApplication [restartedMain] Starting UsuariosApplication on DESKTOP-5BPL57I with PID 13688 (C:\Cursos\Prueba_Usuarios\WorkSpace\usuarios\target\classes started by HHernandez in C:\Cursos\Prueba_Usuarios\WorkSpace\usuarios)
2020-01-30 12:41:17,796 DEBUG e.u.UsuariosApplication [restartedMain] Running with Spring Boot v2.2.4.RELEASE, Spring v5.2.3.RELEASE
2020-01-30 12:41:17,797 INFO e.u.UsuariosApplication [restartedMain] No active profile set, falling back to default profiles: default
2020-01-30 12:41:18,714 INFO e.u.UsuariosApplication [restartedMain] Started UsuariosApplication in 0.991 seconds (JVM running for 1150.881)
2020-01-30 12:41:24,481 INFO e.u.s.UsuarioServiceImpl [http-nio-8090-exec-2] STARTING SAVE USUARIO - edu.usuarios.payload.usuario.UsuarioRequest@75bcd207
2020-01-30 12:41:24,482 ERROR e.u.s.UsuarioServiceImpl [http-nio-8090-exec-2] ERROR SAVE USUARIO - null
2020-01-30 12:41:38,099 INFO e.u.UsuariosApplication [restartedMain] Starting UsuariosApplication on DESKTOP-5BPL57I with PID 13688 (C:\Cursos\Prueba_Usuarios\WorkSpace\usuarios\target\classes started by HHernandez in C:\Cursos\Prueba_Usuarios\WorkSpace\usuarios)
2020-01-30 12:41:38,100 DEBUG e.u.UsuariosApplication [restartedMain] Running with Spring Boot v2.2.4.RELEASE, Spring v5.2.3.RELEASE
2020-01-30 12:41:38,100 INFO e.u.UsuariosApplication [restartedMain] No active profile set, falling back to default profiles: default
2020-01-30 12:41:38,936 INFO e.u.UsuariosApplication [restartedMain] Started UsuariosApplication in 0.906 seconds (JVM running for 1171.103)
2020-01-30 12:43:04,970 INFO e.u.UsuariosApplication [restartedMain] Starting UsuariosApplication on DESKTOP-5BPL57I with PID 13688 (C:\Cursos\Prueba_Usuarios\WorkSpace\usuarios\target\classes started by HHernandez in C:\Cursos\Prueba_Usuarios\WorkSpace\usuarios)
2020-01-30 12:43:04,971 DEBUG e.u.UsuariosApplication [restartedMain] Running with Spring Boot v2.2.4.RELEASE, Spring v5.2.3.RELEASE
2020-01-30 12:43:04,971 INFO e.u.UsuariosApplication [restartedMain] No active profile set, falling back to default profiles: default
2020-01-30 12:43:24,528 INFO e.u.UsuariosApplication [restartedMain] Starting UsuariosApplication on DESKTOP-5BPL57I with PID 13688 (C:\Cursos\Prueba_Usuarios\WorkSpace\usuarios\target\classes started by HHernandez in C:\Cursos\Prueba_Usuarios\WorkSpace\usuarios)
2020-01-30 12:43:24,529 DEBUG e.u.UsuariosApplication [restartedMain] Running with Spring Boot v2.2.4.RELEASE, Spring v5.2.3.RELEASE
2020-01-30 12:43:24,530 INFO e.u.UsuariosApplication [restartedMain] No active profile set, falling back to default profiles: default
2020-01-30 12:43:32,872 INFO e.u.UsuariosApplication [restartedMain] Starting UsuariosApplication on DESKTOP-5BPL57I with PID 13688 (C:\Cursos\Prueba_Usuarios\WorkSpace\usuarios\target\classes started by HHernandez in C:\Cursos\Prueba_Usuarios\WorkSpace\usuarios)
2020-01-30 12:43:32,873 DEBUG e.u.UsuariosApplication [restartedMain] Running with Spring Boot v2.2.4.RELEASE, Spring v5.2.3.RELEASE
2020-01-30 12:43:32,873 INFO e.u.UsuariosApplication [restartedMain] No active profile set, falling back to default profiles: default
2020-01-30 12:43:33,782 INFO e.u.UsuariosApplication [restartedMain] Started UsuariosApplication in 1.045 seconds (JVM running for 1285.95)
2020-01-30 12:43:37,790 INFO e.u.s.UsuarioServiceImpl [http-nio-8090-exec-2] STARTING SAVE USUARIO - edu.usuarios.payload.usuario.UsuarioRequest@5b6b0d1
2020-01-30 12:43:37,791 ERROR e.u.s.UsuarioServiceImpl [http-nio-8090-exec-2] ERROR SAVE USUARIO - null
2020-01-30 12:44:04,385 INFO e.u.UsuariosApplication [restartedMain] Starting UsuariosApplication on DESKTOP-5BPL57I with PID 8876 (C:\Cursos\Prueba_Usuarios\WorkSpace\usuarios\target\classes started by HHernandez in C:\Cursos\Prueba_Usuarios\WorkSpace\usuarios)
2020-01-30 12:44:04,405 DEBUG e.u.UsuariosApplication [restartedMain] Running with Spring Boot v2.2.4.RELEASE, Spring v5.2.3.RELEASE
2020-01-30 12:44:04,406 INFO e.u.UsuariosApplication [restartedMain] No active profile set, falling back to default profiles: default
2020-01-30 12:44:16,306 INFO e.u.UsuariosApplication [restartedMain] Started UsuariosApplication in 13.145 seconds (JVM running for 17.248)
2020-01-30 12:45:18,703 INFO e.u.s.UsuarioServiceImpl [http-nio-8090-exec-3] STARTING SAVE USUARIO - edu.usuarios.payload.usuario.UsuarioRequest@1064e872
2020-01-30 12:45:43,414 INFO e.u.UsuariosApplication [restartedMain] Starting UsuariosApplication on DESKTOP-5BPL57I with PID 12328 (C:\Cursos\Prueba_Usuarios\WorkSpace\usuarios\target\classes started by HHernandez in C:\Cursos\Prueba_Usuarios\WorkSpace\usuarios)
2020-01-30 12:45:43,431 DEBUG e.u.UsuariosApplication [restartedMain] Running with Spring Boot v2.2.4.RELEASE, Spring v5.2.3.RELEASE
2020-01-30 12:45:43,432 INFO e.u.UsuariosApplication [restartedMain] No active profile set, falling back to default profiles: default
2020-01-30 12:45:53,211 INFO e.u.UsuariosApplication [restartedMain] Started UsuariosApplication in 10.514 seconds (JVM running for 13.909)
2020-01-30 12:46:37,495 INFO e.u.s.UsuarioServiceImpl [http-nio-8090-exec-5] STARTING SAVE USUARIO - edu.usuarios.payload.usuario.UsuarioRequest@41220fe2
2020-01-30 12:47:30,722 INFO e.u.UsuariosApplication [restartedMain] Starting UsuariosApplication on DESKTOP-5BPL57I with PID 12328 (C:\Cursos\Prueba_Usuarios\WorkSpace\usuarios\target\classes started by HHernandez in C:\Cursos\Prueba_Usuarios\WorkSpace\usuarios)
2020-01-30 12:47:30,723 DEBUG e.u.UsuariosApplication [restartedMain] Running with Spring Boot v2.2.4.RELEASE, Spring v5.2.3.RELEASE
2020-01-30 12:47:30,724 INFO e.u.UsuariosApplication [restartedMain] No active profile set, falling back to default profiles: default
2020-01-30 12:47:32,078 INFO e.u.UsuariosApplication [restartedMain] Started UsuariosApplication in 1.456 seconds (JVM running for 112.777)
2020-01-30 12:48:01,357 INFO e.u.s.UsuarioServiceImpl [http-nio-8090-exec-2] STARTING SAVE USUARIO - edu.usuarios.payload.usuario.UsuarioRequest@5bfc4dd3
2020-01-30 12:48:01,370 INFO e.u.s.UsuarioServiceImpl [http-nio-8090-exec-2] END SAVE USUARIO - Usuarios(idUsuario=2, nombre=HORACIO, aPaterno=HERNANDEZ, aMaterno=RUELAS)
2020-01-30 14:45:15,003 INFO e.u.UsuariosApplication [restartedMain] Starting UsuariosApplication on DESKTOP-5BPL57I with PID 6052 (C:\Cursos\Prueba_Usuarios\WorkSpace\usuarios\target\classes started by HHernandez in C:\Cursos\Prueba_Usuarios\WorkSpace\usuarios)
2020-01-30 14:45:15,025 DEBUG e.u.UsuariosApplication [restartedMain] Running with Spring Boot v2.2.4.RELEASE, Spring v5.2.3.RELEASE
2020-01-30 14:45:15,026 INFO e.u.UsuariosApplication [restartedMain] No active profile set, falling back to default profiles: default
2020-01-30 14:45:21,267 INFO e.u.UsuariosApplication [restartedMain] Started UsuariosApplication in 7.291 seconds (JVM running for 13.555)
2020-01-30 15:47:19,057 INFO e.u.s.UsuarioServiceImpl [http-nio-8090-exec-2] STARTING SAVE USUARIO - edu.usuarios.payload.usuario.UsuarioRequest@776168f3
2020-01-30 15:47:19,142 INFO e.u.s.UsuarioServiceImpl [http-nio-8090-exec-2] END SAVE USUARIO - Usuarios(idUsuario=3, nombre=HORACIO, aPaterno=HERNANDEZ, aMaterno=RUELAS)
2020-01-30 15:49:34,263 INFO e.u.s.UsuarioServiceImpl [http-nio-8090-exec-7] STARTING UPDATE USUARIO - edu.usuarios.payload.usuario.UsuarioUpdateRequest@5596885e
2020-01-30 15:49:34,295 ERROR e.u.s.UsuarioServiceImpl [http-nio-8090-exec-7] ERROR UPDATE USUARIO, USUARIO NO ENCONTRADO - edu.usuarios.payload.usuario.UsuarioUpdateRequest@5596885e
2020-01-30 15:49:59,277 INFO e.u.UsuariosApplication [restartedMain] Starting UsuariosApplication on DESKTOP-5BPL57I with PID 6052 (C:\Cursos\Prueba_Usuarios\WorkSpace\usuarios\target\classes started by HHernandez in C:\Cursos\Prueba_Usuarios\WorkSpace\usuarios)
2020-01-30 15:49:59,278 DEBUG e.u.UsuariosApplication [restartedMain] Running with Spring Boot v2.2.4.RELEASE, Spring v5.2.3.RELEASE
2020-01-30 15:49:59,279 INFO e.u.UsuariosApplication [restartedMain] No active profile set, falling back to default profiles: default
2020-01-30 15:50:00,190 INFO e.u.UsuariosApplication [restartedMain] Started UsuariosApplication in 0.986 seconds (JVM running for 3892.479)
2020-01-30 15:52:10,895 INFO e.u.s.UsuarioServiceImpl [http-nio-8090-exec-2] STARTING UPDATE USUARIO - edu.usuarios.payload.usuario.UsuarioUpdateRequest@5392bc7b
2020-01-30 15:52:10,912 ERROR e.u.s.UsuarioServiceImpl [http-nio-8090-exec-2] ERROR UPDATE USUARIO, USUARIO NO ENCONTRADO - edu.usuarios.payload.usuario.UsuarioUpdateRequest@5392bc7b
2020-01-30 15:52:40,652 INFO e.u.s.UsuarioServiceImpl [http-nio-8090-exec-4] STARTING UPDATE USUARIO - edu.usuarios.payload.usuario.UsuarioUpdateRequest@7e7dad74
2020-01-30 15:52:40,654 ERROR e.u.s.UsuarioServiceImpl [http-nio-8090-exec-4] ERROR UPDATE USUARIO, USUARIO NO ENCONTRADO - edu.usuarios.payload.usuario.UsuarioUpdateRequest@7e7dad74
2020-01-30 15:52:55,465 INFO e.u.s.UsuarioServiceImpl [http-nio-8090-exec-6] STARTING UPDATE USUARIO - edu.usuarios.payload.usuario.UsuarioUpdateRequest@703d6085
2020-01-30 15:52:55,490 INFO e.u.s.UsuarioServiceImpl [http-nio-8090-exec-6] END UPDATE USUARIO - Usuarios(idUsuario=1, nombre=horacio mod, aPaterno=hernandez mod, aMaterno=ruelas mod)
2020-01-30 16:03:39,665 INFO e.u.UsuariosApplication [restartedMain] Starting UsuariosApplication on DESKTOP-5BPL57I with PID 1200 (C:\Cursos\Prueba_Usuarios\WorkSpace\usuarios\target\classes started by HHernandez in C:\Cursos\Prueba_Usuarios\WorkSpace\usuarios)
2020-01-30 16:03:39,711 DEBUG e.u.UsuariosApplication [restartedMain] Running with Spring Boot v2.2.4.RELEASE, Spring v5.2.3.RELEASE
2020-01-30 16:03:39,712 INFO e.u.UsuariosApplication [restartedMain] No active profile set, falling back to default profiles: default
2020-01-30 16:03:53,576 INFO e.u.UsuariosApplication [restartedMain] Started UsuariosApplication in 14.918 seconds (JVM running for 20.692)
2020-01-30 16:04:26,345 INFO e.u.UsuariosApplication [restartedMain] Starting UsuariosApplication on DESKTOP-5BPL57I with PID 1200 (C:\Cursos\Prueba_Usuarios\WorkSpace\usuarios\target\classes started by HHernandez in C:\Cursos\Prueba_Usuarios\WorkSpace\usuarios)
2020-01-30 16:04:26,347 DEBUG e.u.UsuariosApplication [restartedMain] Running with Spring Boot v2.2.4.RELEASE, Spring v5.2.3.RELEASE
2020-01-30 16:04:26,347 INFO e.u.UsuariosApplication [restartedMain] No active profile set, falling back to default profiles: default
2020-01-30 16:04:27,486 INFO e.u.UsuariosApplication [restartedMain] Started UsuariosApplication in 1.245 seconds (JVM running for 54.602)
2020-01-30 16:04:40,377 INFO e.u.UsuariosApplication [restartedMain] Starting UsuariosApplication on DESKTOP-5BPL57I with PID 7324 (C:\Cursos\Prueba_Usuarios\WorkSpace\usuarios\target\classes started by HHernandez in C:\Cursos\Prueba_Usuarios\WorkSpace\usuarios)
2020-01-30 16:04:40,391 DEBUG e.u.UsuariosApplication [restartedMain] Running with Spring Boot v2.2.4.RELEASE, Spring v5.2.3.RELEASE
2020-01-30 16:04:40,391 INFO e.u.UsuariosApplication [restartedMain] No active profile set, falling back to default profiles: default
2020-01-30 16:04:47,259 INFO e.u.UsuariosApplication [restartedMain] Started UsuariosApplication in 7.44 seconds (JVM running for 10.07)
2020-01-30 16:05:02,926 INFO e.u.s.UsuarioServiceImpl [http-nio-8090-exec-4] STARTING DELETE USUARIO - 3
2020-01-30 16:05:03,040 ERROR e.u.s.UsuarioServiceImpl [http-nio-8090-exec-4] ERROR DELETE USUARIO, USUARIO NO ENCONTRADO - 3
2020-01-30 16:05:09,993 INFO e.u.s.UsuarioServiceImpl [http-nio-8090-exec-5] STARTING DELETE USUARIO - 1
